<?xml version="1.0" encoding="UTF-8"?>
<testng-results ignored="0" total="1" passed="1" failed="0" skipped="0">
  <reporter-output>
  </reporter-output>
  <suite started-at="2022-07-15T11:48:27 AEST" name="Default suite" finished-at="2022-07-15T11:48:27 AEST" duration-ms="100">
    <groups>
    </groups>
    <test started-at="2022-07-15T11:48:27 AEST" name="Default test" finished-at="2022-07-15T11:48:27 AEST" duration-ms="100">
      <class name="com.unittest.challenges.ChallengeTwoTest">
        <test-method signature="validateOccurences()[pri:0, instance:com.unittest.challenges.ChallengeTwoTest@9225652]" started-at="2022-07-15T11:48:27 AEST" name="validateOccurences" finished-at="2022-07-15T11:48:27 AEST" duration-ms="14" status="PASS">
          <reporter-output>
          </reporter-output>
        </test-method> <!-- validateOccurences -->
      </class> <!-- com.unittest.challenges.ChallengeTwoTest -->
    </test> <!-- Default test -->
  </suite> <!-- Default suite -->
</testng-results>
